<?xml version="1.0" encoding="UTF-8"?>
<testsuite xmlns:xsi="http://www.w3.org/2001/XMLSchema-instance" xsi:noNamespaceSchemaLocation="https://maven.apache.org/surefire/maven-surefire-plugin/xsd/surefire-test-report-3.0.xsd" version="3.0" name="com.reo.rider_service.RiderServiceApplicationTests" time="22.317" tests="1" errors="0" skipped="0" failures="0">
  <properties>
[...]
</properties>
  <testcase name="contextLoads" classname="com.reo.rider_service.RiderServiceApplicationTests" time="1.117">
    <system-out><![CDATA[19:22:13.215 [main] INFO org.springframework.test.context.support.AnnotationConfigContextLoaderUtils -- Could not detect default configuration classes for test class [com.reo.rider_service.RiderServiceApplicationTests]: RiderServiceApplicationTests does not declare any static, non-private, non-final, nested classes annotated with @Configuration.
19:22:13.520 [main] INFO org.springframework.boot.test.context.SpringBootTestContextBootstrapper -- Found @SpringBootConfiguration com.reo.rider_service.RiderServiceApplication for test class com.reo.rider_service.RiderServiceApplicationTests
19:22:14.073 [main] INFO org.springframework.boot.devtools.restart.RestartApplicationListener -- Restart disabled due to context in which it is running

  .   ____          _            __ _ _
 /\\ / ___'_ __ _ _(_)_ __  __ _ \ \ \ \
( ( )\___ | '_ | '_| | '_ \/ _` | \ \ \ \
 \\/  ___)| |_)| | | | | || (_| |  ) ) ) )
  '  |____| .__|_| |_|_| |_\__, | / / / /
 =========|_|==============|___/=/_/_/_/

 :: Spring Boot ::                (v3.3.2)

2024-08-19T19:22:15.206+02:00  INFO 12328 --- [rider-service] [           main] c.r.r.RiderServiceApplicationTests       : Starting RiderServiceApplicationTests using Java 17.0.4.1 with PID 12328 (started by Marina in D:\Web programiranje\RegalEquineOasis\backend\rider-service)
2024-08-19T19:22:15.211+02:00  INFO 12328 --- [rider-service] [           main] c.r.r.RiderServiceApplicationTests       : No active profile set, falling back to 1 default profile: "default"
2024-08-19T19:22:17.819+02:00  INFO 12328 --- [rider-service] [           main] .s.d.r.c.RepositoryConfigurationDelegate : Bootstrapping Spring Data JPA repositories in DEFAULT mode.
2024-08-19T19:22:18.363+02:00  INFO 12328 --- [rider-service] [           main] .s.d.r.c.RepositoryConfigurationDelegate : Finished Spring Data repository scanning in 522 ms. Found 5 JPA repository interfaces.
2024-08-19T19:22:20.473+02:00  INFO 12328 --- [rider-service] [           main] o.s.cloud.context.scope.GenericScope     : BeanFactory id=90b9f181-66f5-3f1e-94ac-7f51f350d0ac
2024-08-19T19:22:21.755+02:00  WARN 12328 --- [rider-service] [           main] trationDelegate$BeanPostProcessorChecker : Bean 'org.springframework.cloud.client.loadbalancer.LoadBalancerAutoConfiguration$DeferringLoadBalancerInterceptorConfig' of type [org.springframework.cloud.client.loadbalancer.LoadBalancerAutoConfiguration$DeferringLoadBalancerInterceptorConfig] is not eligible for getting processed by all BeanPostProcessors (for example: not eligible for auto-proxying). The currently created BeanPostProcessor [lbRestClientPostProcessor] is declared through a non-static factory method on that class; consider declaring it as static instead.
2024-08-19T19:22:21.764+02:00  WARN 12328 --- [rider-service] [           main] trationDelegate$BeanPostProcessorChecker : Bean 'deferringLoadBalancerInterceptor' of type [org.springframework.cloud.client.loadbalancer.DeferringLoadBalancerInterceptor] is not eligible for getting processed by all BeanPostProcessors (for example: not eligible for auto-proxying). Is this bean getting eagerly injected into a currently created BeanPostProcessor [lbRestClientPostProcessor]? Check the corresponding BeanPostProcessor declaration and its dependencies.
2024-08-19T19:22:22.476+02:00  INFO 12328 --- [rider-service] [           main] o.hibernate.jpa.internal.util.LogHelper  : HHH000204: Processing PersistenceUnitInfo [name: default]
2024-08-19T19:22:22.848+02:00  INFO 12328 --- [rider-service] [           main] org.hibernate.Version                    : HHH000412: Hibernate ORM core version 6.5.2.Final
2024-08-19T19:22:23.005+02:00  INFO 12328 --- [rider-service] [           main] o.h.c.internal.RegionFactoryInitiator    : HHH000026: Second-level cache disabled
2024-08-19T19:22:24.516+02:00  INFO 12328 --- [rider-service] [           main] o.s.o.j.p.SpringPersistenceUnitInfo      : No LoadTimeWeaver setup: ignoring JPA class transformer
2024-08-19T19:22:24.673+02:00  INFO 12328 --- [rider-service] [           main] com.zaxxer.hikari.HikariDataSource       : HikariPool-1 - Starting...
2024-08-19T19:22:26.110+02:00  INFO 12328 --- [rider-service] [           main] com.zaxxer.hikari.pool.HikariPool        : HikariPool-1 - Added connection com.mysql.cj.jdbc.ConnectionImpl@24b8a393
2024-08-19T19:22:26.117+02:00  INFO 12328 --- [rider-service] [           main] com.zaxxer.hikari.HikariDataSource       : HikariPool-1 - Start completed.
2024-08-19T19:22:28.850+02:00  INFO 12328 --- [rider-service] [           main] o.h.e.t.j.p.i.JtaPlatformInitiator       : HHH000489: No JTA platform available (set 'hibernate.transaction.jta.platform' to enable JTA platform integration)
Hibernate: 
    alter table favorite 
       drop 
       foreign key FKgjyyf7md92nxtki5dvvhdoxw5
Hibernate: 
    alter table rider 
       drop 
       foreign key FKb0l4f3txw8hi1fwqb4vm86x5u
Hibernate: 
    alter table session 
       drop 
       foreign key FK1lsvo5vxdbw8hiap49r7l1dux
Hibernate: 
    alter table session 
       drop 
       foreign key FKhxxv3baghr2qwupsg0uem0udm
Hibernate: 
    drop table if exists coach
Hibernate: 
    drop table if exists favorite
Hibernate: 
    drop table if exists rider
Hibernate: 
    drop table if exists session
Hibernate: 
    drop table if exists session_type
Hibernate: 
    create table coach (
        years_of_experience integer,
        id bigint not null auto_increment,
        name varchar(255),
        surname varchar(255),
        primary key (id)
    ) engine=InnoDB
Hibernate: 
    create table favorite (
        horse_id bigint,
        id bigint not null auto_increment,
        rider_id bigint,
        primary key (id)
    ) engine=InnoDB
Hibernate: 
    create table rider (
        date_of_birth date,
        date_of_enrollment date,
        coach_id bigint,
        id bigint not null auto_increment,
        address varchar(255),
        name varchar(255),
        surname varchar(255),
        primary key (id)
    ) engine=InnoDB
Hibernate: 
    create table session (
        date date,
        horse_id bigint,
        id bigint not null auto_increment,
        rider_id bigint,
        session_type_id bigint,
        description varchar(255),
        time varchar(255),
        primary key (id)
    ) engine=InnoDB
Hibernate: 
    create table session_type (
        price float(53),
        duration bigint,
        id bigint not null auto_increment,
        description varchar(255),
        type varchar(255),
        primary key (id)
    ) engine=InnoDB
Hibernate: 
    alter table favorite 
       add constraint FKgjyyf7md92nxtki5dvvhdoxw5 
       foreign key (rider_id) 
       references rider (id)
Hibernate: 
    alter table rider 
       add constraint FKb0l4f3txw8hi1fwqb4vm86x5u 
       foreign key (coach_id) 
       references coach (id)
Hibernate: 
    alter table session 
       add constraint FK1lsvo5vxdbw8hiap49r7l1dux 
       foreign key (rider_id) 
       references rider (id)
Hibernate: 
    alter table session 
       add constraint FKhxxv3baghr2qwupsg0uem0udm 
       foreign key (session_type_id) 
       references session_type (id)
2024-08-19T19:22:29.454+02:00  INFO 12328 --- [rider-service] [           main] j.LocalContainerEntityManagerFactoryBean : Initialized JPA EntityManagerFactory for persistence unit 'default'
2024-08-19T19:22:30.673+02:00  WARN 12328 --- [rider-service] [           main] JpaBaseConfiguration$JpaWebConfiguration : spring.jpa.open-in-view is enabled by default. Therefore, database queries may be performed during view rendering. Explicitly configure spring.jpa.open-in-view to disable this warning
2024-08-19T19:22:31.112+02:00  INFO 12328 --- [rider-service] [           main] o.s.c.openfeign.FeignClientFactoryBean   : For 'horse-service' URL not provided. Will try picking an instance via load-balancing.
2024-08-19T19:22:32.969+02:00  WARN 12328 --- [rider-service] [           main] .s.s.UserDetailsServiceAutoConfiguration : 

Using generated security password: 96367816-8d12-48e8-97a5-231573436376

This generated password is for development use only. Your security configuration must be updated before running your application in production.

2024-08-19T19:22:33.012+02:00  INFO 12328 --- [rider-service] [           main] r$InitializeUserDetailsManagerConfigurer : Global AuthenticationManager configured with UserDetailsService bean with name inMemoryUserDetailsManager
2024-08-19T19:22:33.768+02:00  INFO 12328 --- [rider-service] [           main] DiscoveryClientOptionalArgsConfiguration : Eureka HTTP Client uses RestTemplate.
2024-08-19T19:22:33.825+02:00  WARN 12328 --- [rider-service] [           main] iguration$LoadBalancerCaffeineWarnLogger : Spring Cloud LoadBalancer is currently working with the default cache. While this cache implementation is useful for development and tests, it's recommended to use Caffeine cache in production.You can switch to using Caffeine cache, by adding it and org.springframework.cache.caffeine.CaffeineCacheManager to the classpath.
2024-08-19T19:22:33.898+02:00  INFO 12328 --- [rider-service] [           main] c.r.r.RiderServiceApplicationTests       : Started RiderServiceApplicationTests in 19.876 seconds (process running for 23.075)
]]></system-out>
  </testcase>
</testsuite>