<?xml version="1.0" encoding="UTF-8"?>
<testsuite xmlns:xsi="http://www.w3.org/2001/XMLSchema-instance" xsi:noNamespaceSchemaLocation="https://maven.apache.org/surefire/maven-surefire-plugin/xsd/surefire-test-report-3.0.xsd" version="3.0" name="com.reo.horse_service.HorseServiceApplicationTests" time="22.382" tests="1" errors="0" skipped="0" failures="0">
  <properties>
[...]
</properties>
  <testcase name="contextLoads" classname="com.reo.horse_service.HorseServiceApplicationTests" time="1.279">
    <system-out><![CDATA[19:26:55.678 [main] INFO org.springframework.test.context.support.AnnotationConfigContextLoaderUtils -- Could not detect default configuration classes for test class [com.reo.horse_service.HorseServiceApplicationTests]: HorseServiceApplicationTests does not declare any static, non-private, non-final, nested classes annotated with @Configuration.
19:26:55.981 [main] INFO org.springframework.boot.test.context.SpringBootTestContextBootstrapper -- Found @SpringBootConfiguration com.reo.horse_service.HorseServiceApplication for test class com.reo.horse_service.HorseServiceApplicationTests
19:26:56.425 [main] INFO org.springframework.boot.devtools.restart.RestartApplicationListener -- Restart disabled due to context in which it is running

  .   ____          _            __ _ _
 /\\ / ___'_ __ _ _(_)_ __  __ _ \ \ \ \
( ( )\___ | '_ | '_| | '_ \/ _` | \ \ \ \
 \\/  ___)| |_)| | | | | || (_| |  ) ) ) )
  '  |____| .__|_| |_|_| |_\__, | / / / /
 =========|_|==============|___/=/_/_/_/

 :: Spring Boot ::                (v3.3.2)

2024-08-08T19:26:57.540+02:00  INFO 3976 --- [horse-service] [           main] c.r.h.HorseServiceApplicationTests       : Starting HorseServiceApplicationTests using Java 17.0.4.1 with PID 3976 (started by Marina in D:\Web programiranje\RegalEquineOasis\backend\horse-service)
2024-08-08T19:26:57.554+02:00  INFO 3976 --- [horse-service] [           main] c.r.h.HorseServiceApplicationTests       : No active profile set, falling back to 1 default profile: "default"
2024-08-08T19:27:00.500+02:00  INFO 3976 --- [horse-service] [           main] .s.d.r.c.RepositoryConfigurationDelegate : Bootstrapping Spring Data JPA repositories in DEFAULT mode.
2024-08-08T19:27:00.737+02:00  INFO 3976 --- [horse-service] [           main] .s.d.r.c.RepositoryConfigurationDelegate : Finished Spring Data repository scanning in 209 ms. Found 2 JPA repository interfaces.
2024-08-08T19:27:02.568+02:00  INFO 3976 --- [horse-service] [           main] o.hibernate.jpa.internal.util.LogHelper  : HHH000204: Processing PersistenceUnitInfo [name: default]
2024-08-08T19:27:02.846+02:00  INFO 3976 --- [horse-service] [           main] org.hibernate.Version                    : HHH000412: Hibernate ORM core version 6.5.2.Final
2024-08-08T19:27:02.978+02:00  INFO 3976 --- [horse-service] [           main] o.h.c.internal.RegionFactoryInitiator    : HHH000026: Second-level cache disabled
2024-08-08T19:27:04.488+02:00  INFO 3976 --- [horse-service] [           main] o.s.o.j.p.SpringPersistenceUnitInfo      : No LoadTimeWeaver setup: ignoring JPA class transformer
2024-08-08T19:27:04.726+02:00  INFO 3976 --- [horse-service] [           main] com.zaxxer.hikari.HikariDataSource       : HikariPool-1 - Starting...
2024-08-08T19:27:06.233+02:00  INFO 3976 --- [horse-service] [           main] com.zaxxer.hikari.pool.HikariPool        : HikariPool-1 - Added connection com.mysql.cj.jdbc.ConnectionImpl@17d76ebb
2024-08-08T19:27:06.241+02:00  INFO 3976 --- [horse-service] [           main] com.zaxxer.hikari.HikariDataSource       : HikariPool-1 - Start completed.
2024-08-08T19:27:10.142+02:00  INFO 3976 --- [horse-service] [           main] o.h.e.t.j.p.i.JtaPlatformInitiator       : HHH000489: No JTA platform available (set 'hibernate.transaction.jta.platform' to enable JTA platform integration)
Hibernate: 
    alter table horse 
       drop 
       foreign key FKp6dhh7xk82in4msdd7wkpk73r
Hibernate: 
    drop table if exists breed
Hibernate: 
    drop table if exists horse
Hibernate: 
    create table breed (
        id bigint not null auto_increment,
        coat_color varchar(255),
        name varchar(255),
        primary key (id)
    ) engine=InnoDB
Hibernate: 
    create table horse (
        date_of_birth date,
        breed_id bigint,
        id bigint not null auto_increment,
        full_name varchar(255),
        gender varchar(255),
        nickname varchar(255),
        primary key (id)
    ) engine=InnoDB
Hibernate: 
    alter table horse 
       add constraint FKp6dhh7xk82in4msdd7wkpk73r 
       foreign key (breed_id) 
       references breed (id)
2024-08-08T19:27:10.883+02:00  INFO 3976 --- [horse-service] [           main] j.LocalContainerEntityManagerFactoryBean : Initialized JPA EntityManagerFactory for persistence unit 'default'
2024-08-08T19:27:14.261+02:00  WARN 3976 --- [horse-service] [           main] JpaBaseConfiguration$JpaWebConfiguration : spring.jpa.open-in-view is enabled by default. Therefore, database queries may be performed during view rendering. Explicitly configure spring.jpa.open-in-view to disable this warning
2024-08-08T19:27:16.328+02:00  INFO 3976 --- [horse-service] [           main] c.r.h.HorseServiceApplicationTests       : Started HorseServiceApplicationTests in 19.936 seconds (process running for 22.622)
]]></system-out>
  </testcase>
</testsuite>