<?xml version="1.0" encoding="UTF-8"?>
<testsuite xmlns:xsi="http://www.w3.org/2001/XMLSchema-instance" xsi:noNamespaceSchemaLocation="https://maven.apache.org/surefire/maven-surefire-plugin/xsd/surefire-test-report-3.0.xsd" version="3.0" name="com.reo.horse_service.HorseServiceApplicationTests" time="15.527" tests="1" errors="0" skipped="0" failures="0">
  <properties>
[...]
</properties>
  <testcase name="contextLoads" classname="com.reo.horse_service.HorseServiceApplicationTests" time="0.969">
    <system-out><![CDATA[19:20:58.311 [main] INFO org.springframework.test.context.support.AnnotationConfigContextLoaderUtils -- Could not detect default configuration classes for test class [com.reo.horse_service.HorseServiceApplicationTests]: HorseServiceApplicationTests does not declare any static, non-private, non-final, nested classes annotated with @Configuration.
19:20:58.727 [main] INFO org.springframework.boot.test.context.SpringBootTestContextBootstrapper -- Found @SpringBootConfiguration com.reo.horse_service.HorseServiceApplication for test class com.reo.horse_service.HorseServiceApplicationTests
19:20:59.373 [main] INFO org.springframework.boot.devtools.restart.RestartApplicationListener -- Restart disabled due to context in which it is running

  .   ____          _            __ _ _
 /\\ / ___'_ __ _ _(_)_ __  __ _ \ \ \ \
( ( )\___ | '_ | '_| | '_ \/ _` | \ \ \ \
 \\/  ___)| |_)| | | | | || (_| |  ) ) ) )
  '  |____| .__|_| |_|_| |_\__, | / / / /
 =========|_|==============|___/=/_/_/_/

 :: Spring Boot ::                (v3.3.2)

2024-08-19T19:21:00.439+02:00  INFO 14844 --- [horse-service] [           main] c.r.h.HorseServiceApplicationTests       : Starting HorseServiceApplicationTests using Java 17.0.4.1 with PID 14844 (started by Marina in D:\Web programiranje\RegalEquineOasis\backend\horse-service)
2024-08-19T19:21:00.441+02:00  INFO 14844 --- [horse-service] [           main] c.r.h.HorseServiceApplicationTests       : No active profile set, falling back to 1 default profile: "default"
2024-08-19T19:21:02.792+02:00  INFO 14844 --- [horse-service] [           main] .s.d.r.c.RepositoryConfigurationDelegate : Bootstrapping Spring Data JPA repositories in DEFAULT mode.
2024-08-19T19:21:03.125+02:00  INFO 14844 --- [horse-service] [           main] .s.d.r.c.RepositoryConfigurationDelegate : Finished Spring Data repository scanning in 315 ms. Found 2 JPA repository interfaces.
2024-08-19T19:21:03.953+02:00  INFO 14844 --- [horse-service] [           main] o.s.cloud.context.scope.GenericScope     : BeanFactory id=ae433467-159f-3bf0-9c78-3c8f486afb72
2024-08-19T19:21:04.361+02:00  WARN 14844 --- [horse-service] [           main] trationDelegate$BeanPostProcessorChecker : Bean 'org.springframework.cloud.client.loadbalancer.LoadBalancerAutoConfiguration$DeferringLoadBalancerInterceptorConfig' of type [org.springframework.cloud.client.loadbalancer.LoadBalancerAutoConfiguration$DeferringLoadBalancerInterceptorConfig] is not eligible for getting processed by all BeanPostProcessors (for example: not eligible for auto-proxying). The currently created BeanPostProcessor [lbRestClientPostProcessor] is declared through a non-static factory method on that class; consider declaring it as static instead.
2024-08-19T19:21:04.366+02:00  WARN 14844 --- [horse-service] [           main] trationDelegate$BeanPostProcessorChecker : Bean 'deferringLoadBalancerInterceptor' of type [org.springframework.cloud.client.loadbalancer.DeferringLoadBalancerInterceptor] is not eligible for getting processed by all BeanPostProcessors (for example: not eligible for auto-proxying). Is this bean getting eagerly injected into a currently created BeanPostProcessor [lbRestClientPostProcessor]? Check the corresponding BeanPostProcessor declaration and its dependencies.
2024-08-19T19:21:04.673+02:00  INFO 14844 --- [horse-service] [           main] o.hibernate.jpa.internal.util.LogHelper  : HHH000204: Processing PersistenceUnitInfo [name: default]
2024-08-19T19:21:04.810+02:00  INFO 14844 --- [horse-service] [           main] org.hibernate.Version                    : HHH000412: Hibernate ORM core version 6.5.2.Final
2024-08-19T19:21:04.905+02:00  INFO 14844 --- [horse-service] [           main] o.h.c.internal.RegionFactoryInitiator    : HHH000026: Second-level cache disabled
2024-08-19T19:21:05.925+02:00  INFO 14844 --- [horse-service] [           main] o.s.o.j.p.SpringPersistenceUnitInfo      : No LoadTimeWeaver setup: ignoring JPA class transformer
2024-08-19T19:21:05.992+02:00  INFO 14844 --- [horse-service] [           main] com.zaxxer.hikari.HikariDataSource       : HikariPool-1 - Starting...
2024-08-19T19:21:06.633+02:00  INFO 14844 --- [horse-service] [           main] com.zaxxer.hikari.pool.HikariPool        : HikariPool-1 - Added connection com.mysql.cj.jdbc.ConnectionImpl@50734cea
2024-08-19T19:21:06.638+02:00  INFO 14844 --- [horse-service] [           main] com.zaxxer.hikari.HikariDataSource       : HikariPool-1 - Start completed.
2024-08-19T19:21:08.757+02:00  INFO 14844 --- [horse-service] [           main] o.h.e.t.j.p.i.JtaPlatformInitiator       : HHH000489: No JTA platform available (set 'hibernate.transaction.jta.platform' to enable JTA platform integration)
Hibernate: 
    alter table horse 
       drop 
       foreign key FKp6dhh7xk82in4msdd7wkpk73r
Hibernate: 
    drop table if exists breed
Hibernate: 
    drop table if exists horse
Hibernate: 
    create table breed (
        id bigint not null auto_increment,
        coat_color varchar(255),
        name varchar(255),
        primary key (id)
    ) engine=InnoDB
Hibernate: 
    create table horse (
        date_of_birth date,
        breed_id bigint,
        id bigint not null auto_increment,
        full_name varchar(255),
        gender varchar(255),
        nickname varchar(255),
        primary key (id)
    ) engine=InnoDB
Hibernate: 
    alter table horse 
       add constraint FKp6dhh7xk82in4msdd7wkpk73r 
       foreign key (breed_id) 
       references breed (id)
2024-08-19T19:21:08.912+02:00  INFO 14844 --- [horse-service] [           main] j.LocalContainerEntityManagerFactoryBean : Initialized JPA EntityManagerFactory for persistence unit 'default'
2024-08-19T19:21:09.804+02:00  WARN 14844 --- [horse-service] [           main] JpaBaseConfiguration$JpaWebConfiguration : spring.jpa.open-in-view is enabled by default. Therefore, database queries may be performed during view rendering. Explicitly configure spring.jpa.open-in-view to disable this warning
2024-08-19T19:21:10.198+02:00  INFO 14844 --- [horse-service] [           main] o.s.c.openfeign.FeignClientFactoryBean   : For 'rider-service' URL not provided. Will try picking an instance via load-balancing.
2024-08-19T19:21:11.510+02:00  WARN 14844 --- [horse-service] [           main] .s.s.UserDetailsServiceAutoConfiguration : 

Using generated security password: 3bdc2916-e4e7-4871-bc9a-532c1e1b46ab

This generated password is for development use only. Your security configuration must be updated before running your application in production.

2024-08-19T19:21:11.542+02:00  INFO 14844 --- [horse-service] [           main] r$InitializeUserDetailsManagerConfigurer : Global AuthenticationManager configured with UserDetailsService bean with name inMemoryUserDetailsManager
2024-08-19T19:21:12.070+02:00  INFO 14844 --- [horse-service] [           main] DiscoveryClientOptionalArgsConfiguration : Eureka HTTP Client uses RestTemplate.
2024-08-19T19:21:12.113+02:00  WARN 14844 --- [horse-service] [           main] iguration$LoadBalancerCaffeineWarnLogger : Spring Cloud LoadBalancer is currently working with the default cache. While this cache implementation is useful for development and tests, it's recommended to use Caffeine cache in production.You can switch to using Caffeine cache, by adding it and org.springframework.cache.caffeine.CaffeineCacheManager to the classpath.
2024-08-19T19:21:12.188+02:00  INFO 14844 --- [horse-service] [           main] c.r.h.HorseServiceApplicationTests       : Started HorseServiceApplicationTests in 12.874 seconds (process running for 18.148)
]]></system-out>
  </testcase>
</testsuite>