<?xml version="1.0" encoding="UTF-8"?>
<testsuite xmlns:xsi="http://www.w3.org/2001/XMLSchema-instance" xsi:noNamespaceSchemaLocation="https://maven.apache.org/surefire/maven-surefire-plugin/xsd/surefire-test-report-3.0.xsd" version="3.0" name="com.reo.user_service.UserServiceApplicationTests" time="14.939" tests="1" errors="0" skipped="0" failures="0">
  <properties>
[...]
</properties>
  <testcase name="contextLoads" classname="com.reo.user_service.UserServiceApplicationTests" time="1.242">
    <system-out><![CDATA[19:27:49.947 [main] INFO org.springframework.test.context.support.AnnotationConfigContextLoaderUtils -- Could not detect default configuration classes for test class [com.reo.user_service.UserServiceApplicationTests]: UserServiceApplicationTests does not declare any static, non-private, non-final, nested classes annotated with @Configuration.
19:27:50.211 [main] INFO org.springframework.boot.test.context.SpringBootTestContextBootstrapper -- Found @SpringBootConfiguration com.reo.user_service.UserServiceApplication for test class com.reo.user_service.UserServiceApplicationTests
19:27:50.697 [main] INFO org.springframework.boot.devtools.restart.RestartApplicationListener -- Restart disabled due to context in which it is running

  .   ____          _            __ _ _
 /\\ / ___'_ __ _ _(_)_ __  __ _ \ \ \ \
( ( )\___ | '_ | '_| | '_ \/ _` | \ \ \ \
 \\/  ___)| |_)| | | | | || (_| |  ) ) ) )
  '  |____| .__|_| |_|_| |_\__, | / / / /
 =========|_|==============|___/=/_/_/_/

 :: Spring Boot ::                (v3.3.2)

2024-08-19T19:27:51.893+02:00  INFO 12992 --- [user-service] [           main] c.r.u.UserServiceApplicationTests        : Starting UserServiceApplicationTests using Java 17.0.4.1 with PID 12992 (started by Marina in D:\Web programiranje\RegalEquineOasis\backend\user-service)
2024-08-19T19:27:51.897+02:00  INFO 12992 --- [user-service] [           main] c.r.u.UserServiceApplicationTests        : No active profile set, falling back to 1 default profile: "default"
2024-08-19T19:27:54.919+02:00  INFO 12992 --- [user-service] [           main] .s.d.r.c.RepositoryConfigurationDelegate : Bootstrapping Spring Data JPA repositories in DEFAULT mode.
2024-08-19T19:27:54.962+02:00  INFO 12992 --- [user-service] [           main] .s.d.r.c.RepositoryConfigurationDelegate : Finished Spring Data repository scanning in 26 ms. Found 0 JPA repository interfaces.
2024-08-19T19:27:55.721+02:00  INFO 12992 --- [user-service] [           main] o.s.cloud.context.scope.GenericScope     : BeanFactory id=db0a453d-23ea-3cc3-9cef-29035957a575
2024-08-19T19:27:56.413+02:00  WARN 12992 --- [user-service] [           main] trationDelegate$BeanPostProcessorChecker : Bean 'org.springframework.cloud.client.loadbalancer.LoadBalancerAutoConfiguration$DeferringLoadBalancerInterceptorConfig' of type [org.springframework.cloud.client.loadbalancer.LoadBalancerAutoConfiguration$DeferringLoadBalancerInterceptorConfig] is not eligible for getting processed by all BeanPostProcessors (for example: not eligible for auto-proxying). The currently created BeanPostProcessor [lbRestClientPostProcessor] is declared through a non-static factory method on that class; consider declaring it as static instead.
2024-08-19T19:27:56.420+02:00  WARN 12992 --- [user-service] [           main] trationDelegate$BeanPostProcessorChecker : Bean 'deferringLoadBalancerInterceptor' of type [org.springframework.cloud.client.loadbalancer.DeferringLoadBalancerInterceptor] is not eligible for getting processed by all BeanPostProcessors (for example: not eligible for auto-proxying). Is this bean getting eagerly injected into a currently created BeanPostProcessor [lbRestClientPostProcessor]? Check the corresponding BeanPostProcessor declaration and its dependencies.
2024-08-19T19:27:56.875+02:00  INFO 12992 --- [user-service] [           main] o.hibernate.jpa.internal.util.LogHelper  : HHH000204: Processing PersistenceUnitInfo [name: default]
2024-08-19T19:27:57.015+02:00  INFO 12992 --- [user-service] [           main] org.hibernate.Version                    : HHH000412: Hibernate ORM core version 6.5.2.Final
2024-08-19T19:27:57.102+02:00  INFO 12992 --- [user-service] [           main] o.h.c.internal.RegionFactoryInitiator    : HHH000026: Second-level cache disabled
2024-08-19T19:27:57.870+02:00  INFO 12992 --- [user-service] [           main] o.s.o.j.p.SpringPersistenceUnitInfo      : No LoadTimeWeaver setup: ignoring JPA class transformer
2024-08-19T19:27:57.956+02:00  INFO 12992 --- [user-service] [           main] com.zaxxer.hikari.HikariDataSource       : HikariPool-1 - Starting...
2024-08-19T19:27:58.647+02:00  INFO 12992 --- [user-service] [           main] com.zaxxer.hikari.pool.HikariPool        : HikariPool-1 - Added connection com.mysql.cj.jdbc.ConnectionImpl@562f6681
2024-08-19T19:27:58.653+02:00  INFO 12992 --- [user-service] [           main] com.zaxxer.hikari.HikariDataSource       : HikariPool-1 - Start completed.
2024-08-19T19:27:59.868+02:00  INFO 12992 --- [user-service] [           main] o.h.e.t.j.p.i.JtaPlatformInitiator       : HHH000489: No JTA platform available (set 'hibernate.transaction.jta.platform' to enable JTA platform integration)
2024-08-19T19:27:59.881+02:00  INFO 12992 --- [user-service] [           main] j.LocalContainerEntityManagerFactoryBean : Initialized JPA EntityManagerFactory for persistence unit 'default'
2024-08-19T19:28:00.640+02:00  WARN 12992 --- [user-service] [           main] JpaBaseConfiguration$JpaWebConfiguration : spring.jpa.open-in-view is enabled by default. Therefore, database queries may be performed during view rendering. Explicitly configure spring.jpa.open-in-view to disable this warning
2024-08-19T19:28:02.237+02:00  WARN 12992 --- [user-service] [           main] .s.s.UserDetailsServiceAutoConfiguration : 

Using generated security password: 0a86cae4-8781-44d5-b091-e194b6ee5ceb

This generated password is for development use only. Your security configuration must be updated before running your application in production.

2024-08-19T19:28:02.279+02:00  INFO 12992 --- [user-service] [           main] r$InitializeUserDetailsManagerConfigurer : Global AuthenticationManager configured with UserDetailsService bean with name inMemoryUserDetailsManager
2024-08-19T19:28:03.142+02:00  INFO 12992 --- [user-service] [           main] DiscoveryClientOptionalArgsConfiguration : Eureka HTTP Client uses RestTemplate.
2024-08-19T19:28:03.223+02:00  WARN 12992 --- [user-service] [           main] iguration$LoadBalancerCaffeineWarnLogger : Spring Cloud LoadBalancer is currently working with the default cache. While this cache implementation is useful for development and tests, it's recommended to use Caffeine cache in production.You can switch to using Caffeine cache, by adding it and org.springframework.cache.caffeine.CaffeineCacheManager to the classpath.
2024-08-19T19:28:03.289+02:00  INFO 12992 --- [user-service] [           main] c.r.u.UserServiceApplicationTests        : Started UserServiceApplicationTests in 12.627 seconds (process running for 15.407)
]]></system-out>
  </testcase>
</testsuite>